<?xml version="1.0" encoding="UTF-8"?>
<testng-results ignored="0" total="1" passed="1" failed="0" skipped="0">
  <reporter-output>
  </reporter-output>
  <suite started-at="2024-03-13T22:12:22 IST" name="Default suite" finished-at="2024-03-13T22:12:43 IST" duration-ms="21664">
    <groups>
      <group name="cucumber">
        <method signature="AbstractTestNGCucumberTests.runScenario(io.cucumber.testng.PickleWrapper,io.cucumber.testng.FeatureWrapper)[pri:0, instance:testRunner.Runner@1cf6d1be]" name="runScenario" class="io.cucumber.testng.AbstractTestNGCucumberTests"/>
      </group> <!-- cucumber -->
    </groups>
    <test started-at="2024-03-13T22:12:22 IST" name="Default test" finished-at="2024-03-13T22:12:43 IST" duration-ms="21664">
      <class name="testRunner.Runner">
        <test-method is-config="true" signature="setUpClass(org.testng.ITestContext)[pri:0, instance:testRunner.Runner@1cf6d1be]" started-at="2024-03-13T22:12:22 IST" name="setUpClass" finished-at="2024-03-13T22:12:22 IST" duration-ms="390" status="PASS">
          <params>
            <param index="0">
              <value>
                <![CDATA[org.testng.TestRunner@41b1f51e]]>
              </value>
            </param>
          </params>
          <reporter-output>
          </reporter-output>
        </test-method> <!-- setUpClass -->
        <test-method signature="runScenario(io.cucumber.testng.PickleWrapper,io.cucumber.testng.FeatureWrapper)[pri:0, instance:testRunner.Runner@1cf6d1be]" started-at="2024-03-13T22:12:22 IST" name="runScenario" description="Runs Cucumber Scenarios" data-provider="scenarios" finished-at="2024-03-13T22:12:43 IST" duration-ms="21171" status="PASS">
          <params>
            <param index="0">
              <value>
                <![CDATA["Checkout the Product"]]>
              </value>
            </param>
            <param index="1">
              <value>
                <![CDATA["Product in AddTocart and verify that and procced to CheckOut"]]>
              </value>
            </param>
          </params>
          <reporter-output>
          </reporter-output>
        </test-method> <!-- runScenario -->
        <test-method is-config="true" signature="tearDownClass()[pri:0, instance:testRunner.Runner@1cf6d1be]" started-at="2024-03-13T22:12:43 IST" name="tearDownClass" finished-at="2024-03-13T22:12:43 IST" duration-ms="4" status="PASS">
          <reporter-output>
          </reporter-output>
        </test-method> <!-- tearDownClass -->
      </class> <!-- testRunner.Runner -->
    </test> <!-- Default test -->
  </suite> <!-- Default suite -->
</testng-results>
